<?xml version="1.0" encoding="UTF-8"?>
<!-- Generated by org.testng.reporters.JUnitXMLReporter -->
<testsuite ignored="6" hostname="Shubham-Infinitys-MacBook-Air.local" failures="0" tests="2" name="groupingtest" time="0.021" errors="0" timestamp="2025-11-10T19:53:12 IST">
  <testcase classname="day_44.PaymentTest" name="paymentbygpay" time="0.004"/>
  <testcase classname="day_44.PaymentTest" name="paymentbypaytm" time="0.001"/>
  <testcase classname="day_44.LoginTest" name="loginbyfacbook" time="0.0">
    <ignored/>
  </testcase> <!-- loginbyfacbook -->
  <testcase classname="day_44.SignUpTest" name="signupbyfacbook" time="0.0">
    <ignored/>
  </testcase> <!-- signupbyfacbook -->
  <testcase classname="day_44.LoginTest" name="loginbyemail" time="0.0">
    <ignored/>
  </testcase> <!-- loginbyemail -->
  <testcase classname="day_44.LoginTest" name="loginbyX" time="0.0">
    <ignored/>
  </testcase> <!-- loginbyX -->
  <testcase classname="day_44.SignUpTest" name="signupbyX" time="0.0">
    <ignored/>
  </testcase> <!-- signupbyX -->
  <testcase classname="day_44.SignUpTest" name="signupbyemail" time="0.0">
    <ignored/>
  </testcase> <!-- signupbyemail -->
</testsuite> <!-- groupingtest -->
