<?xml version="1.0" encoding="UTF-8"?>
<!-- Generated by org.testng.reporters.JUnitXMLReporter -->
<testsuite ignored="0" hostname="Shubham-Infinitys-MacBook-Air.local" failures="0" tests="3" name="chromeTest" time="2.414" errors="0" timestamp="2025-11-11T12:41:00 IST">
  <testcase classname="day_45.ParamTest" name="checkLogo" time="0.024"/>
  <testcase classname="day_45.ParamTest" name="checkTitle" time="0.008"/>
  <testcase classname="day_45.ParamTest" name="checkUrl" time="0.006"/>
</testsuite> <!-- chromeTest -->
