<?xml version="1.0" encoding="UTF-8"?>
<!-- Generated by org.testng.reporters.JUnitXMLReporter -->
<testsuite ignored="0" hostname="Shubham-Infinitys-MacBook-Air.local" failures="0" tests="3" name="safariTest" time="12.253" errors="0" timestamp="2025-11-11T12:41:10 IST">
  <testcase classname="day_45.ParamTest" name="checkLogo" time="0.024"/>
  <testcase classname="day_45.ParamTest" name="checkTitle" time="0.007"/>
  <testcase classname="day_45.ParamTest" name="checkUrl" time="0.007"/>
</testsuite> <!-- safariTest -->
