<?xml version="1.0" encoding="UTF-8"?>
<!-- Generated by org.testng.reporters.JUnitXMLReporter -->
<testsuite ignored="0" hostname="Shubham-Infinitys-MacBook-Air.local" failures="1" tests="3" name="Test" time="2.544" errors="0" timestamp="2025-11-12T16:23:37 IST">
  <testcase classname="day_46.OrangeHRM" name="checkLogo" time="0.023"/>
  <testcase classname="day_46.OrangeHRM" name="checkTitle" time="0.008">
    <failure type="java.lang.AssertionError" message="expected [Account Loginn] but found [Account Login]">
      <![CDATA[java.lang.AssertionError: expected [Account Loginn] but found [Account Login]
at day_46.OrangeHRM.checkTitle(OrangeHRM.java:43)
at java.base/java.util.ArrayList.forEach(ArrayList.java:1596)
... Removed 31 stack frames]]>
    </failure>
  </testcase> <!-- checkTitle -->
  <testcase classname="day_46.OrangeHRM" name="checkUrl" time="0.0">
    <skipped/>
  </testcase> <!-- checkUrl -->
</testsuite> <!-- Test -->
