<?xml version="1.0" encoding="UTF-8"?>
<testng-results ignored="0" total="1" passed="1" failed="0" skipped="0">
  <reporter-output>
  </reporter-output>
  <suite started-at="2025-11-12T16:32:02 IST" name="Default suite" finished-at="2025-11-12T16:32:11 IST" duration-ms="8816">
    <groups>
    </groups>
    <test started-at="2025-11-12T16:32:02 IST" name="Default test" finished-at="2025-11-12T16:32:11 IST" duration-ms="8816">
      <class name="day_47.LoginTest">
        <test-method is-config="true" signature="setUp()[pri:0, instance:day_47.LoginTest@55182842]" started-at="2025-11-12T16:32:02 IST" name="setUp" finished-at="2025-11-12T16:32:10 IST" duration-ms="8352" status="PASS">
          <reporter-output>
          </reporter-output>
        </test-method> <!-- setUp -->
        <test-method signature="login()[pri:0, instance:day_47.LoginTest@55182842]" started-at="2025-11-12T16:32:10 IST" name="login" finished-at="2025-11-12T16:32:11 IST" duration-ms="449" status="PASS">
          <reporter-output>
          </reporter-output>
        </test-method> <!-- login -->
        <test-method is-config="true" signature="teardown()[pri:0, instance:day_47.LoginTest@55182842]" started-at="2025-11-12T16:32:11 IST" name="teardown" finished-at="2025-11-12T16:32:11 IST" duration-ms="0" status="PASS">
          <reporter-output>
          </reporter-output>
        </test-method> <!-- teardown -->
      </class> <!-- day_47.LoginTest -->
    </test> <!-- Default test -->
  </suite> <!-- Default suite -->
</testng-results>
