<?xml version="1.0" encoding="UTF-8"?>
<!-- Generated by org.testng.reporters.JUnitReportReporter -->
<testsuite hostname="Shubham-Infinitys-MacBook-Air.local" failures="0" tests="2" name="day_43.Before_After_Methods_Anotations" time="0.008" errors="0" timestamp="2025-11-10T15:20:10 IST" skipped="0">
  <testcase classname="day_43.Before_After_Methods_Anotations" name="Search" time="0.007"/>
  <testcase classname="day_43.Before_After_Methods_Anotations" name="AdvanceSearch" time="0.001"/>
</testsuite> <!-- day_43.Before_After_Methods_Anotations -->
