<?xml version="1.0" encoding="UTF-8"?>
<!-- Generated by org.testng.reporters.JUnitReportReporter -->
<testsuite hostname="Shubham-Infinitys-MacBook-Air.local" failures="0" tests="3" name="day_42.FirstTestNg" time="0.003" errors="0" timestamp="2025-11-12T14:19:25 IST" skipped="0">
  <testcase classname="day_42.FirstTestNg" name="openapp" time="0.001"/>
  <testcase classname="day_42.FirstTestNg" name="login" time="0.001"/>
  <testcase classname="day_42.FirstTestNg" name="logout" time="0.001"/>
</testsuite> <!-- day_42.FirstTestNg -->
