<?xml version="1.0" encoding="UTF-8"?>
<!-- Generated by org.testng.reporters.JUnitReportReporter -->
<testsuite hostname="Shubham-Infinitys-MacBook-Air.local" failures="0" tests="9" name="day_45.ParamTest" time="0.114" errors="0" timestamp="2025-11-11T12:41:10 IST" skipped="0">
  <testcase classname="day_45.ParamTest" name="checkLogo" time="0.024"/>
  <testcase classname="day_45.ParamTest" name="checkLogo" time="0.024"/>
  <testcase classname="day_45.ParamTest" name="checkLogo" time="0.027"/>
  <testcase classname="day_45.ParamTest" name="checkTitle" time="0.007"/>
  <testcase classname="day_45.ParamTest" name="checkTitle" time="0.008"/>
  <testcase classname="day_45.ParamTest" name="checkTitle" time="0.006"/>
  <testcase classname="day_45.ParamTest" name="checkUrl" time="0.007"/>
  <testcase classname="day_45.ParamTest" name="checkUrl" time="0.005"/>
  <testcase classname="day_45.ParamTest" name="checkUrl" time="0.006"/>
</testsuite> <!-- day_45.ParamTest -->
