<?xml version="1.0" encoding="UTF-8"?>
<!-- Generated by org.testng.reporters.JUnitReportReporter -->
<testsuite hostname="Shubham-Infinitys-MacBook-Air.local" failures="0" tests="4" name="day_42.OrangeHrm" time="11.593" errors="0" timestamp="2025-11-12T14:19:25 IST" skipped="0">
  <testcase classname="day_42.OrangeHrm" name="openapp" time="6.954"/>
  <testcase classname="day_42.OrangeHrm" name="checklogo" time="0.738"/>
  <testcase classname="day_42.OrangeHrm" name="loginapp" time="1.395"/>
  <testcase classname="day_42.OrangeHrm" name="logoutapp" time="2.506"/>
</testsuite> <!-- day_42.OrangeHrm -->
