<?xml version="1.0" encoding="UTF-8"?>
<!-- Generated by org.testng.reporters.JUnitReportReporter -->
<testsuite hostname="Shubham-Infinitys-MacBook-Air.local" failures="0" tests="3" name="day_44.SignUpTest" time="0.005" errors="0" timestamp="2025-11-10T19:52:06 IST" skipped="0">
  <testcase classname="day_44.SignUpTest" name="signupbyemail" time="0.003"/>
  <testcase classname="day_44.SignUpTest" name="signupbyfacbook" time="0.001"/>
  <testcase classname="day_44.SignUpTest" name="signupbyX" time="0.001"/>
</testsuite> <!-- day_44.SignUpTest -->
