<?xml version="1.0" encoding="UTF-8"?>
<!-- Generated by org.testng.reporters.JUnitReportReporter -->
<testsuite hostname="Shubham-Infinitys-MacBook-Air.local" failures="0" tests="3" name="day_44.LoginTest" time="0.006" errors="0" timestamp="2025-11-10T19:50:00 IST" skipped="0">
  <testcase classname="day_44.LoginTest" name="loginbyemail" time="0.005"/>
  <testcase classname="day_44.LoginTest" name="loginbyfacbook" time="0.000"/>
  <testcase classname="day_44.LoginTest" name="loginbyX" time="0.001"/>
</testsuite> <!-- day_44.LoginTest -->
