<?xml version="1.0" encoding="UTF-8"?>
<!-- Generated by org.testng.reporters.JUnitReportReporter -->
<testsuite hostname="Shubham-Infinitys-MacBook-Air.local" failures="0" tests="2" name="day_43.Before_Class_After_Class_Anotation" time="0.005" errors="0" timestamp="2025-11-10T15:27:07 IST" skipped="0">
  <testcase classname="day_43.Before_Class_After_Class_Anotation" name="Search" time="0.004"/>
  <testcase classname="day_43.Before_Class_After_Class_Anotation" name="AdvanceSearch" time="0.001"/>
</testsuite> <!-- day_43.Before_Class_After_Class_Anotation -->
